;  LST file generated by mikroListExporter - v.2.0 
; Date/Time: 16.10.2021 19:06:02
;----------------------------------------------

;Address Opcode 	ASM
0x0000	0x0230940C  	JMP        _main
0x0004	0x0000940C  	JMP        0
0x0008	0x0000940C  	JMP        0
0x000C	0x0000940C  	JMP        0
0x0010	0x0000940C  	JMP        0
0x0014	0x0000940C  	JMP        0
0x0018	0x0000940C  	JMP        0
0x001C	0x0000940C  	JMP        0
0x0020	0x0000940C  	JMP        0
0x0024	0x0000940C  	JMP        0
0x0028	0x0000940C  	JMP        0
0x002C	0x0000940C  	JMP        0
0x0030	0x0000940C  	JMP        0
0x0034	0x0000940C  	JMP        0
0x0038	0x0000940C  	JMP        0
0x003C	0x0000940C  	JMP        0
0x0040	0x0000940C  	JMP        0
0x0044	0x0000940C  	JMP        0
0x0048	0x0000940C  	JMP        0
0x004C	0x0000940C  	JMP        0
0x0050	0x0000940C  	JMP        0
_main:
0x0460	0xE5BF    	LDI        R27, 95
0x0462	0xBFBD    	OUT        SPL+0, R27
0x0464	0xE0B8    	LDI        R27, 8
0x0466	0xBFBE    	OUT        SPL+1, R27
0x0468	0x0293940E  	CALL       659
;USB_UART.c,20 :: 		void main() {
;USB_UART.c,21 :: 		DDRB = 0x00;
0x046C	0x922F    	PUSH       R2
0x046E	0x923F    	PUSH       R3
0x0470	0xE0B0    	LDI        R27, 0
0x0472	0xBBB7    	OUT        DDRB+0, R27
;USB_UART.c,22 :: 		PORTB =0x00;
0x0474	0xE0B0    	LDI        R27, 0
0x0476	0xBBB8    	OUT        PORTB+0, R27
;USB_UART.c,24 :: 		Lcd_Init();
0x0478	0xDEC0    	RCALL      _Lcd_Init+0
;USB_UART.c,25 :: 		Lcd_Cmd(_LCD_CLEAR);               // Clear display
0x047A	0xE0B1    	LDI        R27, 1
0x047C	0x2E2B    	MOV        R2, R27
0x047E	0xDE5B    	RCALL      _Lcd_Cmd+0
;USB_UART.c,26 :: 		Lcd_Cmd(_LCD_FIRST_ROW);           // Move cursor to the 1st row
0x0480	0xE8B0    	LDI        R27, 128
0x0482	0x2E2B    	MOV        R2, R27
0x0484	0xDE58    	RCALL      _Lcd_Cmd+0
;USB_UART.c,27 :: 		Lcd_Cmd(_LCD_CURSOR_OFF);
0x0486	0xE0BC    	LDI        R27, 12
0x0488	0x2E2B    	MOV        R2, R27
0x048A	0xDE55    	RCALL      _Lcd_Cmd+0
;USB_UART.c,30 :: 		UART1_Init(9600);               // Initialize UART module at 9600 bps
0x048C	0xE3B3    	LDI        R27, 51
0x048E	0xB9B9    	OUT        UBRRL+0, R27
0x0490	0xE0B0    	LDI        R27, 0
0x0492	0xBDB0    	OUT        UBRRH+0, R27
0x0494	0xDE0B    	RCALL      _UART1_Init+0
;USB_UART.c,31 :: 		Delay_ms(100);                  // Wait for UART module to stabilize
0x0496	0xE025    	LDI        R18, 5
0x0498	0xE01F    	LDI        R17, 15
0x049A	0xEF02    	LDI        R16, 242
L_main0:
0x049C	0x950A    	DEC        R16
0x049E	0xF7F1    	BRNE       L_main0
0x04A0	0x951A    	DEC        R17
0x04A2	0xF7E1    	BRNE       L_main0
0x04A4	0x952A    	DEC        R18
0x04A6	0xF7D1    	BRNE       L_main0
;USB_UART.c,33 :: 		UART1_Write_Text("Init");
0x04A8	0xE6B0    	LDI        R27, lo_addr(?lstr1_USB_UART+0)
0x04AA	0x2E2B    	MOV        R2, R27
0x04AC	0xE0B0    	LDI        R27, hi_addr(?lstr1_USB_UART+0)
0x04AE	0x2E3B    	MOV        R3, R27
0x04B0	0xDFC0    	RCALL      _UART1_Write_Text+0
;USB_UART.c,34 :: 		UART1_Write(13);
0x04B2	0xE0BD    	LDI        R27, 13
0x04B4	0x2E2B    	MOV        R2, R27
0x04B6	0xDDDF    	RCALL      _UART1_Write+0
;USB_UART.c,35 :: 		UART1_Write(10);
0x04B8	0xE0BA    	LDI        R27, 10
0x04BA	0x2E2B    	MOV        R2, R27
0x04BC	0xDDDC    	RCALL      _UART1_Write+0
;USB_UART.c,37 :: 		ch[1] = '\0';
0x04BE	0xE0B0    	LDI        R27, 0
0x04C0	0x006893B0  	STS        _ch+1, R27
;USB_UART.c,39 :: 		while (1) {                     // Endless loop
L_main2:
;USB_UART.c,40 :: 		if (UART1_Data_Ready()) {      // If data is received,
0x04C4	0xDFB1    	RCALL      _UART1_Data_Ready+0
0x04C6	0x2300    	TST        R16
0x04C8	0xF069    	BREQ       L_main4
L__main12:
;USB_UART.c,41 :: 		uart_rd = UART1_Read();
0x04CA	0xDE14    	RCALL      _UART1_Read+0
0x04CC	0x00659300  	STS        _uart_rd+0, R16
;USB_UART.c,43 :: 		ch[0] = uart_rd;
0x04D0	0x00679300  	STS        _ch+0, R16
;USB_UART.c,45 :: 		Lcd_Out_Cp(ch);
0x04D4	0xE6B7    	LDI        R27, lo_addr(_ch+0)
0x04D6	0x2E2B    	MOV        R2, R27
0x04D8	0xE0B0    	LDI        R27, hi_addr(_ch+0)
0x04DA	0x2E3B    	MOV        R3, R27
0x04DC	0xDE12    	RCALL      _Lcd_Out_CP+0
;USB_UART.c,46 :: 		UART1_Write(uart_rd);        // and send data via UART
0x04DE	0x00659020  	LDS        R2, _uart_rd+0
0x04E2	0xDDC9    	RCALL      _UART1_Write+0
;USB_UART.c,47 :: 		}
L_main4:
;USB_UART.c,48 :: 		if(PINB7_bit)
0x04E4	0xB3B6    	IN         R27, PINB7_bit+0
0x04E6	0xFFB7    	SBRS       R27, 7
0x04E8	0xC009    	RJMP       L_main5
;USB_UART.c,50 :: 		Lcd_Cmd(_LCD_MOVE_CURSOR_LEFT);
0x04EA	0xE1B0    	LDI        R27, 16
0x04EC	0x2E2B    	MOV        R2, R27
0x04EE	0xDE23    	RCALL      _Lcd_Cmd+0
;USB_UART.c,51 :: 		Lcd_Chr_Cp(' ');
0x04F0	0xE2B0    	LDI        R27, 32
0x04F2	0x2E2B    	MOV        R2, R27
0x04F4	0xDDAF    	RCALL      _Lcd_Chr_CP+0
;USB_UART.c,52 :: 		Lcd_Cmd(_LCD_MOVE_CURSOR_LEFT);
0x04F6	0xE1B0    	LDI        R27, 16
0x04F8	0x2E2B    	MOV        R2, R27
0x04FA	0xDE1D    	RCALL      _Lcd_Cmd+0
;USB_UART.c,53 :: 		}
L_main5:
;USB_UART.c,54 :: 		while(PINB7_bit);
L_main6:
0x04FC	0xB3B6    	IN         R27, PINB7_bit+0
0x04FE	0xFFB7    	SBRS       R27, 7
0x0500	0xC001    	RJMP       L_main7
0x0502	0xCFFC    	RJMP       L_main6
L_main7:
;USB_UART.c,56 :: 		if(PINB6_bit)
0x0504	0xB3B6    	IN         R27, PINB6_bit+0
0x0506	0xFFB6    	SBRS       R27, 6
0x0508	0xC003    	RJMP       L_main8
;USB_UART.c,58 :: 		Lcd_Cmd(_LCD_CLEAR);
0x050A	0xE0B1    	LDI        R27, 1
0x050C	0x2E2B    	MOV        R2, R27
0x050E	0xDE13    	RCALL      _Lcd_Cmd+0
;USB_UART.c,59 :: 		}
L_main8:
;USB_UART.c,60 :: 		while(PINB6_bit);
L_main9:
0x0510	0xB3B6    	IN         R27, PINB6_bit+0
0x0512	0xFFB6    	SBRS       R27, 6
0x0514	0xC001    	RJMP       L_main10
0x0516	0xCFFC    	RJMP       L_main9
L_main10:
;USB_UART.c,61 :: 		}
0x0518	0xCFD5    	RJMP       L_main2
;USB_UART.c,62 :: 		}
L_end_main:
0x051A	0x903F    	POP        R3
0x051C	0x902F    	POP        R2
L__main_end_loop:
0x051E	0xCFFF    	RJMP       L__main_end_loop
; end of _main
_Lcd_Init:
;__Lib_Lcd.c,84 :: 		
;__Lib_Lcd.c,86 :: 		
0x01FA	0x003291B0  	LDS        R27, LCD_EN+0
0x01FE	0x7BBF    	CBR        R27, 64
0x0200	0x003293B0  	STS        LCD_EN+0, R27
;__Lib_Lcd.c,87 :: 		
0x0204	0x003B91B0  	LDS        R27, LCD_RS+0
0x0208	0x7FBB    	CBR        R27, 4
0x020A	0x003B93B0  	STS        LCD_RS+0, R27
;__Lib_Lcd.c,88 :: 		
0x020E	0x003591B0  	LDS        R27, LCD_D7+0
0x0212	0x77BF    	CBR        R27, 128
0x0214	0x003593B0  	STS        LCD_D7+0, R27
;__Lib_Lcd.c,89 :: 		
0x0218	0x003591B0  	LDS        R27, LCD_D6+0
0x021C	0x7BBF    	CBR        R27, 64
0x021E	0x003593B0  	STS        LCD_D6+0, R27
;__Lib_Lcd.c,90 :: 		
0x0222	0x003591B0  	LDS        R27, LCD_D5+0
0x0226	0x7DBF    	CBR        R27, 32
0x0228	0x003593B0  	STS        LCD_D5+0, R27
;__Lib_Lcd.c,91 :: 		
0x022C	0x003591B0  	LDS        R27, LCD_D4+0
0x0230	0x7EBF    	CBR        R27, 16
0x0232	0x003593B0  	STS        LCD_D4+0, R27
;__Lib_Lcd.c,93 :: 		
0x0236	0x003191B0  	LDS        R27, LCD_EN_Direction+0
0x023A	0x64B0    	SBR        R27, 64
0x023C	0x003193B0  	STS        LCD_EN_Direction+0, R27
;__Lib_Lcd.c,94 :: 		
0x0240	0x003A91B0  	LDS        R27, LCD_RS_Direction+0
0x0244	0x60B4    	SBR        R27, 4
0x0246	0x003A93B0  	STS        LCD_RS_Direction+0, R27
;__Lib_Lcd.c,95 :: 		
0x024A	0x003491B0  	LDS        R27, LCD_D4_Direction+0
0x024E	0x61B0    	SBR        R27, 16
0x0250	0x003493B0  	STS        LCD_D4_Direction+0, R27
;__Lib_Lcd.c,96 :: 		
0x0254	0x003491B0  	LDS        R27, LCD_D5_Direction+0
0x0258	0x62B0    	SBR        R27, 32
0x025A	0x003493B0  	STS        LCD_D5_Direction+0, R27
;__Lib_Lcd.c,97 :: 		
0x025E	0x003491B0  	LDS        R27, LCD_D6_Direction+0
0x0262	0x64B0    	SBR        R27, 64
0x0264	0x003493B0  	STS        LCD_D6_Direction+0, R27
;__Lib_Lcd.c,98 :: 		
0x0268	0x003491B0  	LDS        R27, LCD_D7_Direction+0
0x026C	0x68B0    	SBR        R27, 128
0x026E	0x003493B0  	STS        LCD_D7_Direction+0, R27
;__Lib_Lcd.c,100 :: 		
0x0272	0xDF13    	RCALL      _Delay_5500us+0
;__Lib_Lcd.c,101 :: 		
0x0274	0xDF12    	RCALL      _Delay_5500us+0
;__Lib_Lcd.c,102 :: 		
0x0276	0xDF11    	RCALL      _Delay_5500us+0
;__Lib_Lcd.c,105 :: 		
0x0278	0x003591B0  	LDS        R27, LCD_D5+0
0x027C	0x62B0    	SBR        R27, 32
0x027E	0x003593B0  	STS        LCD_D5+0, R27
;__Lib_Lcd.c,106 :: 		
0x0282	0x003591B0  	LDS        R27, LCD_D4+0
0x0286	0x61B0    	SBR        R27, 16
0x0288	0x003593B0  	STS        LCD_D4+0, R27
;__Lib_Lcd.c,107 :: 		
0x028C	0x003291B0  	LDS        R27, LCD_EN+0
0x0290	0x64B0    	SBR        R27, 64
0x0292	0x003293B0  	STS        LCD_EN+0, R27
;__Lib_Lcd.c,108 :: 		
0x0296	0xDEFB    	RCALL      _Delay_1us+0
;__Lib_Lcd.c,109 :: 		
0x0298	0x003291B0  	LDS        R27, LCD_EN+0
0x029C	0x7BBF    	CBR        R27, 64
0x029E	0x003293B0  	STS        LCD_EN+0, R27
;__Lib_Lcd.c,110 :: 		
0x02A2	0xDEFB    	RCALL      _Delay_5500us+0
;__Lib_Lcd.c,112 :: 		
0x02A4	0x003291B0  	LDS        R27, LCD_EN+0
0x02A8	0x64B0    	SBR        R27, 64
0x02AA	0x003293B0  	STS        LCD_EN+0, R27
;__Lib_Lcd.c,113 :: 		
0x02AE	0xDEEF    	RCALL      _Delay_1us+0
;__Lib_Lcd.c,114 :: 		
0x02B0	0x003291B0  	LDS        R27, LCD_EN+0
0x02B4	0x7BBF    	CBR        R27, 64
0x02B6	0x003293B0  	STS        LCD_EN+0, R27
;__Lib_Lcd.c,115 :: 		
0x02BA	0xDEEF    	RCALL      _Delay_5500us+0
;__Lib_Lcd.c,117 :: 		
0x02BC	0x003291B0  	LDS        R27, LCD_EN+0
0x02C0	0x64B0    	SBR        R27, 64
0x02C2	0x003293B0  	STS        LCD_EN+0, R27
;__Lib_Lcd.c,118 :: 		
0x02C6	0xDEE3    	RCALL      _Delay_1us+0
;__Lib_Lcd.c,119 :: 		
0x02C8	0x003291B0  	LDS        R27, LCD_EN+0
0x02CC	0x7BBF    	CBR        R27, 64
0x02CE	0x003293B0  	STS        LCD_EN+0, R27
;__Lib_Lcd.c,120 :: 		
0x02D2	0xDEE3    	RCALL      _Delay_5500us+0
;__Lib_Lcd.c,123 :: 		
0x02D4	0x003591B0  	LDS        R27, LCD_D4+0
0x02D8	0x7EBF    	CBR        R27, 16
0x02DA	0x003593B0  	STS        LCD_D4+0, R27
;__Lib_Lcd.c,124 :: 		
0x02DE	0x003291B0  	LDS        R27, LCD_EN+0
0x02E2	0x64B0    	SBR        R27, 64
0x02E4	0x003293B0  	STS        LCD_EN+0, R27
;__Lib_Lcd.c,125 :: 		
0x02E8	0xDED2    	RCALL      _Delay_1us+0
;__Lib_Lcd.c,126 :: 		
0x02EA	0x003291B0  	LDS        R27, LCD_EN+0
0x02EE	0x7BBF    	CBR        R27, 64
0x02F0	0x003293B0  	STS        LCD_EN+0, R27
;__Lib_Lcd.c,127 :: 		
0x02F4	0xDED2    	RCALL      _Delay_5500us+0
;__Lib_Lcd.c,130 :: 		
0x02F6	0x003291B0  	LDS        R27, LCD_EN+0
0x02FA	0x64B0    	SBR        R27, 64
0x02FC	0x003293B0  	STS        LCD_EN+0, R27
;__Lib_Lcd.c,131 :: 		
0x0300	0xDEC6    	RCALL      _Delay_1us+0
;__Lib_Lcd.c,132 :: 		
0x0302	0x003291B0  	LDS        R27, LCD_EN+0
0x0306	0x7BBF    	CBR        R27, 64
0x0308	0x003293B0  	STS        LCD_EN+0, R27
;__Lib_Lcd.c,134 :: 		
0x030C	0x003591B0  	LDS        R27, LCD_D5+0
0x0310	0x7DBF    	CBR        R27, 32
0x0312	0x003593B0  	STS        LCD_D5+0, R27
;__Lib_Lcd.c,135 :: 		
0x0316	0x003591B0  	LDS        R27, LCD_D7+0
0x031A	0x68B0    	SBR        R27, 128
0x031C	0x003593B0  	STS        LCD_D7+0, R27
;__Lib_Lcd.c,136 :: 		
0x0320	0x003291B0  	LDS        R27, LCD_EN+0
0x0324	0x64B0    	SBR        R27, 64
0x0326	0x003293B0  	STS        LCD_EN+0, R27
;__Lib_Lcd.c,137 :: 		
0x032A	0xDEB1    	RCALL      _Delay_1us+0
;__Lib_Lcd.c,138 :: 		
0x032C	0x003291B0  	LDS        R27, LCD_EN+0
0x0330	0x7BBF    	CBR        R27, 64
0x0332	0x003293B0  	STS        LCD_EN+0, R27
;__Lib_Lcd.c,139 :: 		
0x0336	0xDEB1    	RCALL      _Delay_5500us+0
;__Lib_Lcd.c,142 :: 		
0x0338	0x003591B0  	LDS        R27, LCD_D7+0
0x033C	0x77BF    	CBR        R27, 128
0x033E	0x003593B0  	STS        LCD_D7+0, R27
;__Lib_Lcd.c,143 :: 		
0x0342	0x003591B0  	LDS        R27, LCD_D4+0
0x0346	0x61B0    	SBR        R27, 16
0x0348	0x003593B0  	STS        LCD_D4+0, R27
;__Lib_Lcd.c,144 :: 		
0x034C	0x003291B0  	LDS        R27, LCD_EN+0
0x0350	0x64B0    	SBR        R27, 64
0x0352	0x003293B0  	STS        LCD_EN+0, R27
;__Lib_Lcd.c,145 :: 		
0x0356	0xDE9B    	RCALL      _Delay_1us+0
;__Lib_Lcd.c,146 :: 		
0x0358	0x003291B0  	LDS        R27, LCD_EN+0
0x035C	0x7BBF    	CBR        R27, 64
0x035E	0x003293B0  	STS        LCD_EN+0, R27
;__Lib_Lcd.c,148 :: 		
0x0362	0x003591B0  	LDS        R27, LCD_D4+0
0x0366	0x7EBF    	CBR        R27, 16
0x0368	0x003593B0  	STS        LCD_D4+0, R27
;__Lib_Lcd.c,149 :: 		
0x036C	0x003291B0  	LDS        R27, LCD_EN+0
0x0370	0x64B0    	SBR        R27, 64
0x0372	0x003293B0  	STS        LCD_EN+0, R27
;__Lib_Lcd.c,150 :: 		
0x0376	0xDE8B    	RCALL      _Delay_1us+0
;__Lib_Lcd.c,151 :: 		
0x0378	0x003291B0  	LDS        R27, LCD_EN+0
0x037C	0x7BBF    	CBR        R27, 64
0x037E	0x003293B0  	STS        LCD_EN+0, R27
;__Lib_Lcd.c,152 :: 		
0x0382	0xDE8B    	RCALL      _Delay_5500us+0
;__Lib_Lcd.c,155 :: 		
0x0384	0x003291B0  	LDS        R27, LCD_EN+0
0x0388	0x64B0    	SBR        R27, 64
0x038A	0x003293B0  	STS        LCD_EN+0, R27
;__Lib_Lcd.c,156 :: 		
0x038E	0xDE7F    	RCALL      _Delay_1us+0
;__Lib_Lcd.c,157 :: 		
0x0390	0x003291B0  	LDS        R27, LCD_EN+0
0x0394	0x7BBF    	CBR        R27, 64
0x0396	0x003293B0  	STS        LCD_EN+0, R27
;__Lib_Lcd.c,159 :: 		
0x039A	0x003591B0  	LDS        R27, LCD_D4+0
0x039E	0x61B0    	SBR        R27, 16
0x03A0	0x003593B0  	STS        LCD_D4+0, R27
;__Lib_Lcd.c,160 :: 		
0x03A4	0x003291B0  	LDS        R27, LCD_EN+0
0x03A8	0x64B0    	SBR        R27, 64
0x03AA	0x003293B0  	STS        LCD_EN+0, R27
;__Lib_Lcd.c,161 :: 		
0x03AE	0xDE6F    	RCALL      _Delay_1us+0
;__Lib_Lcd.c,162 :: 		
0x03B0	0x003291B0  	LDS        R27, LCD_EN+0
0x03B4	0x7BBF    	CBR        R27, 64
0x03B6	0x003293B0  	STS        LCD_EN+0, R27
;__Lib_Lcd.c,163 :: 		
0x03BA	0xDE6F    	RCALL      _Delay_5500us+0
;__Lib_Lcd.c,166 :: 		
0x03BC	0x003591B0  	LDS        R27, LCD_D4+0
0x03C0	0x7EBF    	CBR        R27, 16
0x03C2	0x003593B0  	STS        LCD_D4+0, R27
;__Lib_Lcd.c,167 :: 		
0x03C6	0x003291B0  	LDS        R27, LCD_EN+0
0x03CA	0x64B0    	SBR        R27, 64
0x03CC	0x003293B0  	STS        LCD_EN+0, R27
;__Lib_Lcd.c,168 :: 		
0x03D0	0xDE5E    	RCALL      _Delay_1us+0
;__Lib_Lcd.c,169 :: 		
0x03D2	0x003291B0  	LDS        R27, LCD_EN+0
0x03D6	0x7BBF    	CBR        R27, 64
0x03D8	0x003293B0  	STS        LCD_EN+0, R27
;__Lib_Lcd.c,171 :: 		
0x03DC	0x003591B0  	LDS        R27, LCD_D7+0
0x03E0	0x68B0    	SBR        R27, 128
0x03E2	0x003593B0  	STS        LCD_D7+0, R27
;__Lib_Lcd.c,172 :: 		
0x03E6	0x003591B0  	LDS        R27, LCD_D6+0
0x03EA	0x64B0    	SBR        R27, 64
0x03EC	0x003593B0  	STS        LCD_D6+0, R27
;__Lib_Lcd.c,173 :: 		
0x03F0	0x003591B0  	LDS        R27, LCD_D5+0
0x03F4	0x62B0    	SBR        R27, 32
0x03F6	0x003593B0  	STS        LCD_D5+0, R27
;__Lib_Lcd.c,174 :: 		
0x03FA	0x003591B0  	LDS        R27, LCD_D4+0
0x03FE	0x61B0    	SBR        R27, 16
0x0400	0x003593B0  	STS        LCD_D4+0, R27
;__Lib_Lcd.c,175 :: 		
0x0404	0x003291B0  	LDS        R27, LCD_EN+0
0x0408	0x64B0    	SBR        R27, 64
0x040A	0x003293B0  	STS        LCD_EN+0, R27
;__Lib_Lcd.c,176 :: 		
0x040E	0xDE3F    	RCALL      _Delay_1us+0
;__Lib_Lcd.c,177 :: 		
0x0410	0x003291B0  	LDS        R27, LCD_EN+0
0x0414	0x7BBF    	CBR        R27, 64
0x0416	0x003293B0  	STS        LCD_EN+0, R27
;__Lib_Lcd.c,179 :: 		
0x041A	0xDE3F    	RCALL      _Delay_5500us+0
;__Lib_Lcd.c,181 :: 		
0x041C	0x006691B0  	LDS        R27, __Lib_Lcd_cmd_status+0
0x0420	0x60B1    	SBR        R27, 1
0x0422	0x006693B0  	STS        __Lib_Lcd_cmd_status+0, R27
;__Lib_Lcd.c,182 :: 		
L_end_Lcd_Init:
0x0426	0x9508    	RET
; end of _Lcd_Init
_Delay_5500us:
;__Lib_Delays.c,30 :: 		void Delay_5500us() {
;__Lib_Delays.c,31 :: 		Delay_us(5500);
0x009A	0xE31A    	LDI        R17, 58
0x009C	0xE203    	LDI        R16, 35
L_Delay_5500us12:
0x009E	0x950A    	DEC        R16
0x00A0	0xF7F1    	BRNE       L_Delay_5500us12
0x00A2	0x951A    	DEC        R17
0x00A4	0xF7E1    	BRNE       L_Delay_5500us12
0x00A6	0x0000    	NOP
0x00A8	0x0000    	NOP
;__Lib_Delays.c,32 :: 		}
L_end_Delay_5500us:
0x00AA	0x9508    	RET
; end of _Delay_5500us
_Delay_1us:
;__Lib_Delays.c,6 :: 		void Delay_1us() {
;__Lib_Delays.c,7 :: 		Delay_us(1);
0x008E	0xE002    	LDI        R16, 2
L_Delay_1us0:
0x0090	0x950A    	DEC        R16
0x0092	0xF7F1    	BRNE       L_Delay_1us0
0x0094	0x0000    	NOP
0x0096	0x0000    	NOP
;__Lib_Delays.c,8 :: 		}
L_end_Delay_1us:
0x0098	0x9508    	RET
; end of _Delay_1us
_Lcd_Cmd:
;__Lib_Lcd.c,18 :: 		
;__Lib_Lcd.c,20 :: 		
0x0136	0xFA27    	BST        R2, 7
0x0138	0x003591B0  	LDS        R27, LCD_D7+0
0x013C	0xF9B7    	BLD        R27, 7
0x013E	0x003593B0  	STS        LCD_D7+0, R27
;__Lib_Lcd.c,21 :: 		
0x0142	0xFA26    	BST        R2, 6
0x0144	0x003591B0  	LDS        R27, LCD_D6+0
0x0148	0xF9B6    	BLD        R27, 6
0x014A	0x003593B0  	STS        LCD_D6+0, R27
;__Lib_Lcd.c,22 :: 		
0x014E	0xFA25    	BST        R2, 5
0x0150	0x003591B0  	LDS        R27, LCD_D5+0
0x0154	0xF9B5    	BLD        R27, 5
0x0156	0x003593B0  	STS        LCD_D5+0, R27
;__Lib_Lcd.c,23 :: 		
0x015A	0xFA24    	BST        R2, 4
0x015C	0x003591B0  	LDS        R27, LCD_D4+0
0x0160	0xF9B4    	BLD        R27, 4
0x0162	0x003593B0  	STS        LCD_D4+0, R27
;__Lib_Lcd.c,25 :: 		
0x0166	0x006691B0  	LDS        R27, __Lib_Lcd_cmd_status+0
0x016A	0x003B9000  	LDS        R0, LCD_RS+0
0x016E	0x94E8    	CLT
0x0170	0xFFB0    	SBRS       R27, 0
0x0172	0x9468    	SET
0x0174	0xF802    	BLD        R0, 2
0x0176	0x003B9200  	STS        LCD_RS+0, R0
;__Lib_Lcd.c,28 :: 		
0x017A	0x003291B0  	LDS        R27, LCD_EN+0
0x017E	0x64B0    	SBR        R27, 64
0x0180	0x003293B0  	STS        LCD_EN+0, R27
;__Lib_Lcd.c,29 :: 		
0x0184	0xDF84    	RCALL      _Delay_1us+0
;__Lib_Lcd.c,30 :: 		
0x0186	0x003291B0  	LDS        R27, LCD_EN+0
0x018A	0x7BBF    	CBR        R27, 64
0x018C	0x003293B0  	STS        LCD_EN+0, R27
;__Lib_Lcd.c,33 :: 		
0x0190	0xFA23    	BST        R2, 3
0x0192	0x003591B0  	LDS        R27, LCD_D7+0
0x0196	0xF9B7    	BLD        R27, 7
0x0198	0x003593B0  	STS        LCD_D7+0, R27
;__Lib_Lcd.c,34 :: 		
0x019C	0xFA22    	BST        R2, 2
0x019E	0x003591B0  	LDS        R27, LCD_D6+0
0x01A2	0xF9B6    	BLD        R27, 6
0x01A4	0x003593B0  	STS        LCD_D6+0, R27
;__Lib_Lcd.c,35 :: 		
0x01A8	0xFA21    	BST        R2, 1
0x01AA	0x003591B0  	LDS        R27, LCD_D5+0
0x01AE	0xF9B5    	BLD        R27, 5
0x01B0	0x003593B0  	STS        LCD_D5+0, R27
;__Lib_Lcd.c,36 :: 		
0x01B4	0xFA20    	BST        R2, 0
0x01B6	0x003591B0  	LDS        R27, LCD_D4+0
0x01BA	0xF9B4    	BLD        R27, 4
0x01BC	0x003593B0  	STS        LCD_D4+0, R27
;__Lib_Lcd.c,38 :: 		
0x01C0	0x006691B0  	LDS        R27, __Lib_Lcd_cmd_status+0
0x01C4	0x003B9000  	LDS        R0, LCD_RS+0
0x01C8	0x94E8    	CLT
0x01CA	0xFFB0    	SBRS       R27, 0
0x01CC	0x9468    	SET
0x01CE	0xF802    	BLD        R0, 2
0x01D0	0x003B9200  	STS        LCD_RS+0, R0
;__Lib_Lcd.c,40 :: 		
0x01D4	0x003291B0  	LDS        R27, LCD_EN+0
0x01D8	0x64B0    	SBR        R27, 64
0x01DA	0x003293B0  	STS        LCD_EN+0, R27
;__Lib_Lcd.c,41 :: 		
0x01DE	0xDF57    	RCALL      _Delay_1us+0
;__Lib_Lcd.c,42 :: 		
0x01E0	0x003291B0  	LDS        R27, LCD_EN+0
0x01E4	0x7BBF    	CBR        R27, 64
0x01E6	0x003293B0  	STS        LCD_EN+0, R27
;__Lib_Lcd.c,44 :: 		
0x01EA	0x006691B0  	LDS        R27, __Lib_Lcd_cmd_status+0
0x01EE	0xFFB0    	SBRS       R27, 0
0x01F0	0xC002    	RJMP       L_Lcd_Cmd0
;__Lib_Lcd.c,45 :: 		
0x01F2	0xDF53    	RCALL      _Delay_5500us+0
0x01F4	0xC001    	RJMP       L_Lcd_Cmd1
L_Lcd_Cmd0:
;__Lib_Lcd.c,47 :: 		
0x01F6	0xDF3A    	RCALL      _Delay_50us+0
L_Lcd_Cmd1:
;__Lib_Lcd.c,48 :: 		
L_end_Lcd_Cmd:
0x01F8	0x9508    	RET
; end of _Lcd_Cmd
_Delay_50us:
;__Lib_Delays.c,18 :: 		void Delay_50us() {
;__Lib_Delays.c,19 :: 		Delay_us(50);
0x006C	0xE805    	LDI        R16, 133
L_Delay_50us6:
0x006E	0x950A    	DEC        R16
0x0070	0xF7F1    	BRNE       L_Delay_50us6
0x0072	0x0000    	NOP
;__Lib_Delays.c,20 :: 		}
L_end_Delay_50us:
0x0074	0x9508    	RET
; end of _Delay_50us
_UART1_Write_Text:
;__Lib_UART_d01_ursel.c,78 :: 		
;__Lib_UART_d01_ursel.c,79 :: 		
; counter start address is: 17 (R17)
0x0432	0xE010    	LDI        R17, 0
;__Lib_UART_d01_ursel.c,80 :: 		
0x0434	0x01F1    	MOVW       R30, R2
0x0436	0x8100    	LD         R16, Z
; data_ start address is: 18 (R18)
0x0438	0x2F20    	MOV        R18, R16
; data_ end address is: 18 (R18)
; counter end address is: 17 (R17)
0x043A	0x2F02    	MOV        R16, R18
;__Lib_UART_d01_ursel.c,81 :: 		
L_UART1_Write_Text3:
; data_ start address is: 16 (R16)
; counter start address is: 17 (R17)
0x043C	0x3000    	CPI        R16, 0
0x043E	0xF079    	BREQ       L_UART1_Write_Text4
L__UART1_Write_Text34:
;__Lib_UART_d01_ursel.c,82 :: 		
0x0440	0x923F    	PUSH       R3
0x0442	0x922F    	PUSH       R2
; data_ end address is: 16 (R16)
0x0444	0x2E20    	MOV        R2, R16
0x0446	0xDE17    	RCALL      _UART1_Write+0
0x0448	0x902F    	POP        R2
0x044A	0x903F    	POP        R3
;__Lib_UART_d01_ursel.c,83 :: 		
0x044C	0x2F01    	MOV        R16, R17
0x044E	0x5F0F    	SUBI       R16, 255
0x0450	0x2F10    	MOV        R17, R16
;__Lib_UART_d01_ursel.c,84 :: 		
0x0452	0x2FE0    	MOV        R30, R16
0x0454	0xE0F0    	LDI        R31, 0
0x0456	0x0DE2    	ADD        R30, R2
0x0458	0x1DF3    	ADC        R31, R3
0x045A	0x8100    	LD         R16, Z
; data_ start address is: 16 (R16)
;__Lib_UART_d01_ursel.c,85 :: 		
; counter end address is: 17 (R17)
; data_ end address is: 16 (R16)
0x045C	0xCFEF    	RJMP       L_UART1_Write_Text3
L_UART1_Write_Text4:
;__Lib_UART_d01_ursel.c,86 :: 		
L_end_UART1_Write_Text:
0x045E	0x9508    	RET
; end of _UART1_Write_Text
_UART1_Write:
;__Lib_UART_d01_ursel.c,58 :: 		
;__Lib_UART_d01_ursel.c,59 :: 		
L_UART1_Write0:
0x0076	0xB1BB    	IN         R27, UDRE0_bit+0
0x0078	0xFDB5    	SBRC       R27, 5
0x007A	0xC001    	RJMP       L_UART1_Write1
;__Lib_UART_d01_ursel.c,60 :: 		
0x007C	0xCFFC    	RJMP       L_UART1_Write0
L_UART1_Write1:
;__Lib_UART_d01_ursel.c,61 :: 		
0x007E	0xB1BB    	IN         R27, TXC0_bit+0
0x0080	0xFFB6    	SBRS       R27, 6
0x0082	0xC003    	RJMP       L_UART1_Write2
;__Lib_UART_d01_ursel.c,62 :: 		
0x0084	0xB1BB    	IN         R27, TXC0_bit+0
0x0086	0x64B0    	SBR        R27, 64
0x0088	0xB9BB    	OUT        TXC0_bit+0, R27
L_UART1_Write2:
;__Lib_UART_d01_ursel.c,63 :: 		
0x008A	0xB82C    	OUT        UDR0+0, R2
;__Lib_UART_d01_ursel.c,64 :: 		
L_end_UART1_Write:
0x008C	0x9508    	RET
; end of _UART1_Write
_UART1_Data_Ready:
;__Lib_UART_d01_ursel.c,66 :: 		
;__Lib_UART_d01_ursel.c,67 :: 		
0x0428	0xB00B    	IN         R0, RXC0_bit+0
0x042A	0x2700    	CLR        R16
0x042C	0xFC07    	SBRC       R0, 7
0x042E	0x9503    	INC        R16
;__Lib_UART_d01_ursel.c,68 :: 		
L_end_UART1_Data_Ready:
0x0430	0x9508    	RET
; end of _UART1_Data_Ready
_UART1_Read:
;__Lib_UART_d01_ursel.c,70 :: 		
;__Lib_UART_d01_ursel.c,71 :: 		
0x00F4	0xB10C    	IN         R16, UDR0+0
;__Lib_UART_d01_ursel.c,72 :: 		
L_end_UART1_Read:
0x00F6	0x9508    	RET
; end of _UART1_Read
_Lcd_Out_CP:
;__Lib_Lcd.c,57 :: 		
;__Lib_Lcd.c,59 :: 		
; i start address is: 17 (R17)
0x0102	0xE010    	LDI        R17, 0
; i end address is: 17 (R17)
;__Lib_Lcd.c,60 :: 		
L_Lcd_Out_CP2:
; i start address is: 17 (R17)
0x0104	0x2FE1    	MOV        R30, R17
0x0106	0xE0F0    	LDI        R31, 0
0x0108	0x0DE2    	ADD        R30, R2
0x010A	0x1DF3    	ADC        R31, R3
0x010C	0x8100    	LD         R16, Z
0x010E	0x2300    	TST        R16
0x0110	0xF089    	BREQ       L_Lcd_Out_CP3
L__Lcd_Out_CP27:
;__Lib_Lcd.c,61 :: 		
0x0112	0x2FE1    	MOV        R30, R17
0x0114	0xE0F0    	LDI        R31, 0
0x0116	0x0DE2    	ADD        R30, R2
0x0118	0x1DF3    	ADC        R31, R3
0x011A	0x8100    	LD         R16, Z
0x011C	0x931F    	PUSH       R17
0x011E	0x923F    	PUSH       R3
0x0120	0x922F    	PUSH       R2
0x0122	0x2E20    	MOV        R2, R16
0x0124	0xDF97    	RCALL      _Lcd_Chr_CP+0
0x0126	0x902F    	POP        R2
0x0128	0x903F    	POP        R3
0x012A	0x911F    	POP        R17
0x012C	0x2F01    	MOV        R16, R17
0x012E	0x5F0F    	SUBI       R16, 255
0x0130	0x2F10    	MOV        R17, R16
;__Lib_Lcd.c,62 :: 		
; i end address is: 17 (R17)
0x0132	0xCFE8    	RJMP       L_Lcd_Out_CP2
L_Lcd_Out_CP3:
;__Lib_Lcd.c,63 :: 		
L_end_Lcd_Out_CP:
0x0134	0x9508    	RET
; end of _Lcd_Out_CP
_Lcd_Chr_CP:
;__Lib_Lcd.c,50 :: 		
;__Lib_Lcd.c,52 :: 		
0x0054	0x006691B0  	LDS        R27, __Lib_Lcd_cmd_status+0
0x0058	0x7FBE    	CBR        R27, 1
0x005A	0x006693B0  	STS        __Lib_Lcd_cmd_status+0, R27
;__Lib_Lcd.c,53 :: 		
0x005E	0xD06B    	RCALL      _Lcd_Cmd+0
;__Lib_Lcd.c,54 :: 		
0x0060	0x006691B0  	LDS        R27, __Lib_Lcd_cmd_status+0
0x0064	0x60B1    	SBR        R27, 1
0x0066	0x006693B0  	STS        __Lib_Lcd_cmd_status+0, R27
;__Lib_Lcd.c,55 :: 		
L_end_Lcd_Chr_CP:
0x006A	0x9508    	RET
; end of _Lcd_Chr_CP
___CC2DW:
;__Lib_System.c,25 :: 		
;__Lib_System.c,27 :: 		
L_loopDW:
;__Lib_System.c,28 :: 		
0x00F8	0x9005    	LPM        R0, Z+
;__Lib_System.c,29 :: 		
0x00FA	0x920D    	ST         X+, R0
;__Lib_System.c,30 :: 		
0x00FC	0x9701    	SBIW       R24, 1
;__Lib_System.c,31 :: 		
0x00FE	0xF7E1    	BRNE       L_loopDW
;__Lib_System.c,33 :: 		
L_end___CC2DW:
0x0100	0x9508    	RET
; end of ___CC2DW
_UART1_Init:
;__Lib_UART_d01_ursel.c,31 :: 		
;__Lib_UART_d01_ursel.c,32 :: 		
0x00AC	0xE3BB    	LDI        R27, lo_addr(_UART1_Write+0)
0x00AE	0x006D93B0  	STS        _UART_Wr_Ptr+0, R27
0x00B2	0xE0B0    	LDI        R27, hi_addr(_UART1_Write+0)
0x00B4	0x006E93B0  	STS        _UART_Wr_Ptr+1, R27
;__Lib_UART_d01_ursel.c,33 :: 		
0x00B8	0xE7BA    	LDI        R27, lo_addr(_UART1_Read+0)
0x00BA	0x006F93B0  	STS        _UART_Rd_Ptr+0, R27
0x00BE	0xE0B0    	LDI        R27, hi_addr(_UART1_Read+0)
0x00C0	0x007093B0  	STS        _UART_Rd_Ptr+1, R27
;__Lib_UART_d01_ursel.c,34 :: 		
0x00C4	0xE1B4    	LDI        R27, lo_addr(_UART1_Data_Ready+0)
0x00C6	0x006993B0  	STS        _UART_Rdy_Ptr+0, R27
0x00CA	0xE0B2    	LDI        R27, hi_addr(_UART1_Data_Ready+0)
0x00CC	0x006A93B0  	STS        _UART_Rdy_Ptr+1, R27
;__Lib_UART_d01_ursel.c,35 :: 		
0x00D0	0xEFBF    	LDI        R27, lo_addr(_UART1_Tx_Idle+0)
0x00D2	0x006B93B0  	STS        _UART_Tx_Idle_Ptr+0, R27
0x00D6	0xEFBF    	LDI        R27, hi_addr(_UART1_Tx_Idle+0)
0x00D8	0x006C93B0  	STS        _UART_Tx_Idle_Ptr+1, R27
;__Lib_UART_d01_ursel.c,37 :: 		
0x00DC	0xB3B1    	IN         R27, DDRD+0
0x00DE	0x7FBE    	CBR        R27, 1
0x00E0	0xBBB1    	OUT        DDRD+0, R27
;__Lib_UART_d01_ursel.c,38 :: 		
0x00E2	0xB3B1    	IN         R27, DDRD+0
0x00E4	0x60B2    	SBR        R27, 2
0x00E6	0xBBB1    	OUT        DDRD+0, R27
;__Lib_UART_d01_ursel.c,40 :: 		
0x00E8	0xB10A    	IN         R16, UCSR0B+0
0x00EA	0x6108    	ORI        R16, 24
0x00EC	0xB90A    	OUT        UCSR0B+0, R16
;__Lib_UART_d01_ursel.c,41 :: 		
0x00EE	0xE8B6    	LDI        R27, 134
0x00F0	0xBDB0    	OUT        UCSR0C+0, R27
;__Lib_UART_d01_ursel.c,42 :: 		
L_end_UART1_Init:
0x00F2	0x9508    	RET
; end of _UART1_Init
0x0526	0xE6A0    	LDI        R26, 96
0x0528	0xE0B0    	LDI        R27, 0
0x052A	0xE2E0    	LDI        R30, 32
0x052C	0xE0F5    	LDI        R31, 5
0x052E	0xE085    	LDI        R24, 5
0x0530	0xE090    	LDI        R25, 0
0x0532	0x007C940E  	CALL       ___CC2DW
0x0536	0x9508    	RET
;USB_UART.c,0 :: ?ICS?lstr1_USB_UART
0x0520	0x6E49 ;?ICS?lstr1_USB_UART+0
0x0522	0x7469 ;?ICS?lstr1_USB_UART+2
0x0524	0x00 ;?ICS?lstr1_USB_UART+4
; end of ?ICS?lstr1_USB_UART
Symbol List:
//** Routines locations **
//ADDRESS    SIZE    PROCEDURE
//----------------------------------------------
0x002A      [12]    _Lcd_Chr_CP
0x0036       [5]    _Delay_50us
0x003B      [12]    _UART1_Write
0x0047       [6]    _Delay_1us
0x004D       [9]    _Delay_5500us
0x0056      [36]    _UART1_Init
0x007A       [2]    _UART1_Read
0x007C       [5]    ___CC2DW
0x0081      [26]    _Lcd_Out_CP
0x009B      [98]    _Lcd_Cmd
0x00FD     [279]    _Lcd_Init
0x0214       [5]    _UART1_Data_Ready
0x0219      [23]    _UART1_Write_Text
0x0230      [96]    _main
//** Variables locations ** 
//ADDRESS    SIZE    VARIABLE
//----------------------------------------------
0x0000       [1]    Delay_Cyc_loc_L0
0x0000       [1]    R0
0x0001       [1]    R1
0x0002       [2]    FARG_strlen_s
0x0002       [2]    FARG_VDelay_ms_Time_ms
0x0002       [4]    FARG_UART1_Init_Advanced_bps
0x0002       [2]    FARG_strncat_to
0x0002       [1]    FARG_ADC_Read_channel
0x0002       [2]    FARG_strcpy_to
0x0002       [2]    FARG_UART_Read_Text_Output
0x0002       [1]    FARG_ADC_Get_Sample_channel
0x0002       [2]    FARG_strncmp_s1
0x0002       [2]    FARG_UART1_Read_Text_Output
0x0002       [2]    FARG_memcpy_d1
0x0002       [2]    FARG_strpbrk_s1
0x0002       [2]    FARG_VDelay_Advanced_ms_Time_ms
0x0002       [2]    FARG_strspn_str1
0x0002       [2]    FARG_memchr_p
0x0002       [2]    FARG_Lcd_Out_CP_text
0x0002       [2]    FARG_strcspn_s1
0x0002       [2]    FARG_strtok_s1
0x0002       [2]    FARG_strncpy_to
0x0002       [2]    FARG_memcmp_s1
0x0002       [2]    FARG_UART_Set_Active_read_ptr
0x0002       [1]    FARG_Lcd_Chr_row
0x0002       [1]    R2
0x0002       [2]    FARG_strcmp_s1
0x0002       [1]    FARG_UART1_Write_data_
0x0002       [2]    FARG_UART_Write_Text_uart_text
0x0002       [1]    FARG_Lcd_Cmd_out_char
0x0002       [1]    FARG_Lcd_Chr_CP_out_char
0x0002       [1]    FARG_UART_Write__data
0x0002       [2]    FARG_strcat_to
0x0002       [2]    FARG_UART1_Write_Text_uart_text
0x0002       [1]    FARG_ADC_Init_Advanced_reference
0x0002       [2]    FARG_memset_p1
0x0002       [1]    FARG_Lcd_Out_row
0x0002       [2]    FARG_memmove_to
0x0002       [1]    FARG_Delay_Cyc_cycles_div_by_10
0x0002       [2]    FARG_strrchr_ptr
0x0002       [2]    FARG_strchr_ptr
0x0002       [2]    FARG_strstr_s1
0x0003       [1]    R3
0x0003       [1]    FARG_Lcd_Out_column
0x0003       [1]    FARG_Lcd_Chr_column
0x0004       [1]    FARG_memchr_n
0x0004       [1]    FARG_memset_character
0x0004       [2]    FARG_strstr_s2
0x0004       [2]    FARG_strspn_str2
0x0004       [2]    FARG_strcspn_s2
0x0004       [2]    FARG_strtok_s2
0x0004       [2]    FARG_VDelay_Advanced_ms_Current_Fosc_kHz
0x0004       [2]    FARG_strncmp_s2
0x0004       [2]    FARG_memmove_from
0x0004       [2]    FARG_UART_Set_Active_write_ptr
0x0004       [2]    FARG_strpbrk_s2
0x0004       [2]    FARG_UART_Read_Text_Delimiter
0x0004       [1]    FARG_strrchr_chr
0x0004       [2]    FARG_memcmp_s2
0x0004       [2]    FARG_strcpy_from
0x0004       [2]    FARG_Lcd_Out_text
0x0004       [2]    FARG_strcmp_s2
0x0004       [1]    FARG_strchr_chr
0x0004       [1]    R4
0x0004       [1]    FARG_Lcd_Chr_out_char
0x0004       [2]    FARG_UART1_Read_Text_Delimiter
0x0004       [2]    FARG_strncpy_from
0x0004       [2]    FARG_memcpy_s1
0x0004       [2]    FARG_strncat_from
0x0004       [2]    FARG_strcat_from
0x0005       [2]    FARG_memset_n
0x0005       [1]    R5
0x0005       [2]    FARG_memchr_v
0x0006       [1]    R6
0x0006       [1]    FARG_UART1_Init_Advanced_parity
0x0006       [2]    FARG_UART_Set_Active_tx_idle_ptr
0x0006       [1]    FARG_UART1_Read_Text_Attempts
0x0006       [2]    FARG_memcmp_n
0x0006       [1]    FARG_strncmp_len
0x0006       [2]    FARG_memmove_n
0x0006       [2]    FARG_memcpy_n
0x0006       [2]    FARG_strncpy_size
0x0006       [2]    FARG_strncat_size
0x0006       [1]    FARG_UART_Read_Text_Attempts
0x0007       [1]    FARG_UART1_Init_Advanced_stop_bits
0x0007       [1]    R7
0x0008       [1]    R8
0x0009       [1]    R9
0x000A       [1]    R10
0x000B       [1]    R11
0x000C       [1]    R12
0x000D       [1]    R13
0x000E       [1]    R14
0x000F       [1]    R15
0x0010       [1]    R16
0x0011       [1]    R17
0x0012       [1]    R18
0x0013       [1]    R19
0x0014       [1]    R20
0x0015       [1]    R21
0x0016       [1]    R22
0x0017       [1]    R23
0x0018       [1]    R24
0x0019       [1]    R25
0x001A       [1]    XL
0x001A       [1]    R26
0x001A       [2]    X
0x001B       [1]    R27
0x001B       [1]    XH
0x001C       [2]    Y
0x001C       [1]    YL
0x001C       [1]    R28
0x001D       [1]    YH
0x001D       [1]    R29
0x001E       [1]    ZL
0x001E       [1]    R30
0x001E       [2]    Z
0x001F       [1]    R31
0x001F       [1]    ZH
0x0020       [0]    TWBR3_bit
0x0020       [0]    TWBR0_bit
0x0020       [0]    TWBR1_bit
0x0020       [0]    TWBR2_bit
0x0020       [0]    TWBR6_bit
0x0020       [0]    TWBR7_bit
0x0020       [1]    TWBR
0x0020       [0]    TWBR5_bit
0x0020       [0]    TWBR4_bit
0x0021       [0]    TWPS1_bit
0x0021       [0]    TWS3_bit
0x0021       [0]    TWPS0_bit
0x0021       [1]    TWSR
0x0021       [0]    TWS6_bit
0x0021       [0]    TWS7_bit
0x0021       [0]    TWS4_bit
0x0021       [0]    TWS5_bit
0x0022       [0]    TWA0_bit
0x0022       [0]    TWA1_bit
0x0022       [0]    TWGCE_bit
0x0022       [1]    TWAR
0x0022       [0]    TWA2_bit
0x0022       [0]    TWA5_bit
0x0022       [0]    TWA6_bit
0x0022       [0]    TWA3_bit
0x0022       [0]    TWA4_bit
0x0023       [1]    TWDR
0x0023       [0]    TWD3_bit
0x0023       [0]    TWD5_bit
0x0023       [0]    TWD4_bit
0x0023       [0]    TWD2_bit
0x0023       [0]    TWD0_bit
0x0023       [0]    TWD1_bit
0x0023       [0]    TWD6_bit
0x0023       [0]    TWD7_bit
0x0024       [0]    ADCL2_bit
0x0024       [1]    ADCL
0x0024       [0]    ADCL0_bit
0x0024       [0]    ADCL1_bit
0x0024       [0]    ADCL6_bit
0x0024       [0]    ADCL7_bit
0x0024       [0]    ADCL5_bit
0x0024       [0]    ADCL3_bit
0x0024       [0]    ADCL4_bit
0x0025       [0]    ADCH3_bit
0x0025       [0]    ADCH2_bit
0x0025       [0]    ADCH1_bit
0x0025       [0]    ADCH4_bit
0x0025       [0]    ADCH7_bit
0x0025       [0]    ADCH6_bit
0x0025       [0]    ADCH5_bit
0x0025       [0]    ADCH0_bit
0x0025       [1]    ADCH
0x0026       [0]    ADATE_bit
0x0026       [1]    ADCSRA
0x0026       [0]    ADEN_bit
0x0026       [0]    ADSC_bit
0x0026       [0]    ADIF_bit
0x0026       [0]    ADPS2_bit
0x0026       [0]    ADPS1_bit
0x0026       [0]    ADPS0_bit
0x0026       [0]    ADIE_bit
0x0027       [0]    REFS0_bit
0x0027       [0]    MUX3_bit
0x0027       [0]    ADLAR_bit
0x0027       [0]    MUX4_bit
0x0027       [0]    MUX2_bit
0x0027       [0]    MUX1_bit
0x0027       [1]    ADMUX
0x0027       [0]    MUX0_bit
0x0027       [0]    REFS1_bit
0x0028       [0]    ACIC_bit
0x0028       [0]    ACIE_bit
0x0028       [0]    ACI_bit
0x0028       [0]    ACBG_bit
0x0028       [1]    ACSR
0x0028       [0]    ACD_bit
0x0028       [0]    ACO_bit
0x0028       [0]    ACIS1_bit
0x0028       [0]    ACIS0_bit
0x0029       [0]    UBRR6_bit
0x0029       [0]    UBRR1_bit
0x0029       [0]    UBRR7_bit
0x0029       [1]    UBRRL
0x0029       [0]    UBRR0_bit
0x0029       [0]    UBRR4_bit
0x0029       [0]    UBRR3_bit
0x0029       [0]    UBRR2_bit
0x0029       [0]    UBRR5_bit
0x002A       [1]    UCSRB
0x002A       [1]    UCSR0B
0x002A       [0]    TXB8_bit
0x002A       [0]    RXB8_bit
0x002A       [0]    UCSZ2_bit
0x002A       [0]    TXEN_bit
0x002A       [0]    RXEN_bit
0x002A       [0]    RXCIE_bit
0x002A       [0]    TXCIE_bit
0x002A       [0]    UDRIE_bit
0x002B       [0]    FE_bit
0x002B       [0]    UDRE0_bit
0x002B       [0]    TXC0_bit
0x002B       [0]    UDRE_bit
0x002B       [0]    TXC_bit
0x002B       [0]    U2X_bit
0x002B       [0]    MPCM_bit
0x002B       [1]    UCSRA
0x002B       [0]    RXC_bit
0x002B       [0]    RXC0_bit
0x002B       [0]    DOR_bit
0x002B       [0]    UPE_bit
0x002C       [0]    UDR4_bit
0x002C       [0]    UDR3_bit
0x002C       [0]    UDR7_bit
0x002C       [0]    UDR6_bit
0x002C       [0]    UDR5_bit
0x002C       [1]    UDR
0x002C       [1]    UDR0
0x002C       [0]    UDR0__bit
0x002C       [0]    UDR2_bit
0x002C       [0]    UDR1_bit
0x002D       [0]    CPOL_bit
0x002D       [0]    MSTR_bit
0x002D       [0]    DORD_bit
0x002D       [0]    CPHA_bit
0x002D       [1]    SPCR
0x002D       [0]    SPR0_bit
0x002D       [0]    SPR1_bit
0x002D       [0]    SPIE_bit
0x002D       [0]    SPE_bit
0x002E       [0]    SPIF_bit
0x002E       [0]    WCOL_bit
0x002E       [0]    SPI2X_bit
0x002E       [1]    SPSR
0x002F       [0]    SPDR6_bit
0x002F       [0]    SPDR7_bit
0x002F       [1]    SPDR
0x002F       [0]    SPDR2_bit
0x002F       [0]    SPDR4_bit
0x002F       [0]    SPDR3_bit
0x002F       [0]    SPDR0_bit
0x002F       [0]    SPDR1_bit
0x002F       [0]    SPDR5_bit
0x0030       [0]    PIND4_bit
0x0030       [0]    PIND3_bit
0x0030       [0]    PIND2_bit
0x0030       [0]    PIND7_bit
0x0030       [0]    PIND6_bit
0x0030       [0]    PIND5_bit
0x0030       [0]    PIND0_bit
0x0030       [1]    PIND
0x0030       [0]    PIND1_bit
0x0031       [0]    DDD6_bit
0x0031       [0]    DDD7_bit
0x0031       [0]    DDD3_bit
0x0031       [0]    DDD4_bit
0x0031       [0]    DDD5_bit
0x0031       [1]    DDRD
0x0031       [0]    DDD1_bit
0x0031       [0]    LCD_EN_Direction
0x0031       [0]    DDD0_bit
0x0031       [0]    DDD2_bit
0x0032       [0]    PORTD6_bit
0x0032       [0]    PORTD4_bit
0x0032       [0]    PORTD5_bit
0x0032       [0]    PORTD7_bit
0x0032       [0]    PORTD0_bit
0x0032       [1]    PORTD
0x0032       [0]    PORTD1_bit
0x0032       [0]    PORTD3_bit
0x0032       [0]    PORTD2_bit
0x0032       [0]    LCD_EN
0x0033       [0]    PINC2_bit
0x0033       [0]    PINC3_bit
0x0033       [1]    PINC
0x0033       [0]    PINC0_bit
0x0033       [0]    PINC1_bit
0x0033       [0]    PINC4_bit
0x0033       [0]    PINC7_bit
0x0033       [0]    PINC6_bit
0x0033       [0]    PINC5_bit
0x0034       [0]    LCD_D6_Direction
0x0034       [0]    LCD_D7_Direction
0x0034       [0]    DDC2_bit
0x0034       [0]    DDC3_bit
0x0034       [0]    DDC0_bit
0x0034       [0]    DDC1_bit
0x0034       [0]    DDC4_bit
0x0034       [0]    DDC7_bit
0x0034       [1]    DDRC
0x0034       [0]    DDC5_bit
0x0034       [0]    DDC6_bit
0x0034       [0]    LCD_D4_Direction
0x0034       [0]    LCD_D5_Direction
0x0035       [0]    PORTC1_bit
0x0035       [0]    LCD_D5
0x0035       [0]    PORTC3_bit
0x0035       [0]    LCD_D6
0x0035       [0]    LCD_D4
0x0035       [0]    PORTC0_bit
0x0035       [0]    PORTC7_bit
0x0035       [1]    PORTC
0x0035       [0]    PORTC5_bit
0x0035       [0]    PORTC4_bit
0x0035       [0]    PORTC2_bit
0x0035       [0]    LCD_D7
0x0035       [0]    PORTC6_bit
0x0036       [0]    PINB1_bit
0x0036       [1]    PINB
0x0036       [0]    PINB0_bit
0x0036       [0]    PINB4_bit
0x0036       [0]    PINB5_bit
0x0036       [0]    PINB3_bit
0x0036       [0]    PINB7_bit
0x0036       [0]    PINB2_bit
0x0036       [0]    PINB6_bit
0x0037       [0]    DDB2_bit
0x0037       [0]    DDB0_bit
0x0037       [1]    DDRB
0x0037       [0]    DDB1_bit
0x0037       [0]    DDB5_bit
0x0037       [0]    DDB4_bit
0x0037       [0]    DDB7_bit
0x0037       [0]    DDB3_bit
0x0037       [0]    DDB6_bit
0x0038       [0]    PORTB7_bit
0x0038       [0]    PORTB6_bit
0x0038       [0]    PORTB1_bit
0x0038       [0]    PORTB0_bit
0x0038       [1]    PORTB
0x0038       [0]    PORTB2_bit
0x0038       [0]    PORTB5_bit
0x0038       [0]    PORTB4_bit
0x0038       [0]    PORTB3_bit
0x0039       [0]    PINA2_bit
0x0039       [0]    PINA5_bit
0x0039       [0]    PINA3_bit
0x0039       [0]    PINA4_bit
0x0039       [0]    PINA6_bit
0x0039       [0]    PINA0_bit
0x0039       [1]    PINA
0x0039       [0]    PINA1_bit
0x0039       [0]    PINA7_bit
0x003A       [0]    DDA1_bit
0x003A       [0]    DDA7_bit
0x003A       [0]    DDA0_bit
0x003A       [0]    LCD_RS_Direction
0x003A       [1]    DDRA
0x003A       [0]    DDA5_bit
0x003A       [0]    DDA4_bit
0x003A       [0]    DDA3_bit
0x003A       [0]    DDA2_bit
0x003A       [0]    DDA6_bit
0x003B       [0]    PORTA1_bit
0x003B       [0]    PORTA2_bit
0x003B       [0]    PORTA0_bit
0x003B       [1]    PORTA
0x003B       [0]    PORTA3_bit
0x003B       [0]    LCD_RS
0x003B       [0]    PORTA7_bit
0x003B       [0]    PORTA6_bit
0x003B       [0]    PORTA4_bit
0x003B       [0]    PORTA5_bit
0x003C       [0]    EERE_bit
0x003C       [1]    EECR
0x003C       [0]    EERIE_bit
0x003C       [0]    EEMWE_bit
0x003C       [0]    EEWE_bit
0x003D       [0]    EEDR7_bit
0x003D       [0]    EEDR1_bit
0x003D       [0]    EEDR2_bit
0x003D       [1]    EEDR
0x003D       [0]    EEDR0_bit
0x003D       [0]    EEDR5_bit
0x003D       [0]    EEDR6_bit
0x003D       [0]    EEDR3_bit
0x003D       [0]    EEDR4_bit
0x003E       [0]    EEAR1_bit
0x003E       [0]    EEAR2_bit
0x003E       [1]    EEARL
0x003E       [0]    EEAR00_bit
0x003E       [0]    EEAR3_bit
0x003E       [0]    EEAR6_bit
0x003E       [0]    EEAR7_bit
0x003E       [0]    EEAR4_bit
0x003E       [0]    EEAR5_bit
0x003F       [1]    EEARH
0x003F       [0]    EEAR8_bit
0x003F       [0]    EEAR9_bit
0x0040       [0]    UPM0_bit
0x0040       [0]    USBS_bit
0x0040       [0]    UCSZ1_bit
0x0040       [0]    URSEL_bit
0x0040       [0]    UMSEL_bit
0x0040       [0]    UPM1_bit
0x0040       [0]    UBRR9_bit
0x0040       [0]    UBRR10_bit
0x0040       [1]    UBRRH
0x0040       [0]    UBRR8_bit
0x0040       [0]    UBRR11_bit
0x0040       [0]    UCPOL_bit
0x0040       [0]    UCSZ0_bit
0x0040       [1]    UCSR0C
0x0040       [1]    UCSRC
0x0041       [0]    WDP1_bit
0x0041       [0]    WDP0_bit
0x0041       [1]    WDTCR
0x0041       [0]    WDTOE_bit
0x0041       [0]    WDE_bit
0x0041       [0]    WDP2_bit
0x0042       [0]    TCR2UB_bit
0x0042       [1]    ASSR
0x0042       [0]    OCR2UB_bit
0x0042       [0]    AS2_bit
0x0042       [0]    TCN2UB_bit
0x0043       [0]    OCR2_4_bit
0x0043       [0]    OCR2_3_bit
0x0043       [0]    OCR2_2_bit
0x0043       [0]    OCR2_7_bit
0x0043       [0]    OCR2_6_bit
0x0043       [0]    OCR2_5_bit
0x0043       [0]    OCR2_1_bit
0x0043       [1]    OCR2
0x0043       [0]    OCR2_0_bit
0x0044       [0]    TCNT2_1_bit
0x0044       [0]    TCNT2_2_bit
0x0044       [1]    TCNT2
0x0044       [0]    TCNT2_0_bit
0x0044       [0]    TCNT2_3_bit
0x0044       [0]    TCNT2_6_bit
0x0044       [0]    TCNT2_7_bit
0x0044       [0]    TCNT2_4_bit
0x0044       [0]    TCNT2_5_bit
0x0045       [0]    CS21_bit
0x0045       [0]    CS22_bit
0x0045       [1]    TCCR2
0x0045       [0]    CS20_bit
0x0045       [0]    WGM21_bit
0x0045       [0]    WGM20_bit
0x0045       [0]    FOC2_bit
0x0045       [0]    COM20_bit
0x0045       [0]    COM21_bit
0x0046       [0]    ICR1L6_bit
0x0046       [0]    ICR1L5_bit
0x0046       [0]    ICR1L3_bit
0x0046       [0]    ICR1L7_bit
0x0046       [0]    ICR1L1_bit
0x0046       [0]    ICR1L0_bit
0x0046       [1]    ICR1L
0x0046       [0]    ICR1L4_bit
0x0046       [0]    ICR1L2_bit
0x0047       [0]    ICR1H2_bit
0x0047       [0]    ICR1H4_bit
0x0047       [1]    ICR1H
0x0047       [0]    ICR1H3_bit
0x0047       [0]    ICR1H0_bit
0x0047       [0]    ICR1H6_bit
0x0047       [0]    ICR1H7_bit
0x0047       [0]    ICR1H5_bit
0x0047       [0]    ICR1H1_bit
0x0048       [0]    OCR1BL1_bit
0x0048       [0]    OCR1BL0_bit
0x0048       [1]    OCR1BL
0x0048       [0]    OCR1BL5_bit
0x0048       [0]    OCR1BL7_bit
0x0048       [0]    OCR1BL6_bit
0x0048       [0]    OCR1BL2_bit
0x0048       [0]    OCR1BL3_bit
0x0048       [0]    OCR1BL4_bit
0x0049       [0]    OCR1BH2_bit
0x0049       [0]    OCR1BH1_bit
0x0049       [1]    OCR1BH
0x0049       [0]    OCR1BH0_bit
0x0049       [0]    OCR1BH6_bit
0x0049       [0]    OCR1BH7_bit
0x0049       [0]    OCR1BH5_bit
0x0049       [0]    OCR1BH3_bit
0x0049       [0]    OCR1BH4_bit
0x004A       [0]    OCR1AL2_bit
0x004A       [0]    OCR1AL7_bit
0x004A       [1]    OCR1AL
0x004A       [0]    OCR1AL1_bit
0x004A       [0]    OCR1AL6_bit
0x004A       [0]    OCR1AL0_bit
0x004A       [0]    OCR1AL4_bit
0x004A       [0]    OCR1AL3_bit
0x004A       [0]    OCR1AL5_bit
0x004B       [0]    OCR1AH0_bit
0x004B       [1]    OCR1AH
0x004B       [0]    OCR1AH4_bit
0x004B       [0]    OCR1AH7_bit
0x004B       [0]    OCR1AH1_bit
0x004B       [0]    OCR1AH3_bit
0x004B       [0]    OCR1AH2_bit
0x004B       [0]    OCR1AH5_bit
0x004B       [0]    OCR1AH6_bit
0x004C       [0]    TCNT1L6_bit
0x004C       [1]    TCNT1L
0x004C       [0]    TCNT1L7_bit
0x004C       [0]    TCNT1L2_bit
0x004C       [0]    TCNT1L0_bit
0x004C       [0]    TCNT1L4_bit
0x004C       [0]    TCNT1L5_bit
0x004C       [0]    TCNT1L1_bit
0x004C       [0]    TCNT1L3_bit
0x004D       [1]    TCNT1H
0x004D       [0]    TCNT1H2_bit
0x004D       [0]    TCNT1H3_bit
0x004D       [0]    TCNT1H6_bit
0x004D       [0]    TCNT1H5_bit
0x004D       [0]    TCNT1H1_bit
0x004D       [0]    TCNT1H0_bit
0x004D       [0]    TCNT1H7_bit
0x004D       [0]    TCNT1H4_bit
0x004E       [0]    CS11_bit
0x004E       [0]    ICES1_bit
0x004E       [1]    TCCR1B
0x004E       [0]    WGM13_bit
0x004E       [0]    CS10_bit
0x004E       [0]    CS12_bit
0x004E       [0]    ICNC1_bit
0x004E       [0]    WGM12_bit
0x004F       [0]    FOC1A_bit
0x004F       [0]    FOC1B_bit
0x004F       [0]    WGM11_bit
0x004F       [0]    COM1B0_bit
0x004F       [0]    COM1A1_bit
0x004F       [0]    COM1A0_bit
0x004F       [0]    COM1B1_bit
0x004F       [1]    TCCR1A
0x004F       [0]    WGM10_bit
0x0050       [0]    ACME_bit
0x0050       [0]    ADTS0_bit
0x0050       [0]    ADTS2_bit
0x0050       [1]    SFIOR
0x0050       [0]    ADTS1_bit
0x0050       [0]    PUD_bit
0x0050       [0]    PSR10_bit
0x0050       [0]    PSR2_bit
0x0051       [0]    CAL2_bit
0x0051       [0]    CAL3_bit
0x0051       [0]    CAL1_bit
0x0051       [0]    CAL0_bit
0x0051       [1]    OSCCAL
0x0051       [0]    CAL7_bit
0x0051       [1]    OCDR
0x0051       [0]    CAL6_bit
0x0051       [0]    CAL4_bit
0x0051       [0]    CAL5_bit
0x0052       [0]    TCNT0_5_bit
0x0052       [0]    TCNT0_4_bit
0x0052       [0]    TCNT0_7_bit
0x0052       [0]    TCNT0_6_bit
0x0052       [0]    TCNT0_3_bit
0x0052       [0]    TCNT0_0_bit
0x0052       [1]    TCNT0
0x0052       [0]    TCNT0_2_bit
0x0052       [0]    TCNT0_1_bit
0x0053       [0]    COM01_bit
0x0053       [0]    COM00_bit
0x0053       [0]    FOC0_bit
0x0053       [0]    WGM00_bit
0x0053       [0]    WGM01_bit
0x0053       [0]    CS00_bit
0x0053       [1]    TCCR0
0x0053       [0]    CS02_bit
0x0053       [0]    CS01_bit
0x0054       [0]    JTRF_bit
0x0054       [0]    JTD_bit
0x0054       [0]    BORF_bit
0x0054       [0]    WDRF_bit
0x0054       [0]    EXTRF_bit
0x0054       [0]    PORF_bit
0x0054       [1]    MCUCSR
0x0054       [0]    ISC2_bit
0x0055       [0]    ISC00_bit
0x0055       [1]    MCUCR
0x0055       [0]    ISC01_bit
0x0055       [0]    SM1_bit
0x0055       [0]    SM2_bit
0x0055       [0]    SE_bit
0x0055       [0]    SM0_bit
0x0055       [0]    ISC10_bit
0x0055       [0]    ISC11_bit
0x0056       [1]    TWCR
0x0056       [0]    TWIE_bit
0x0056       [0]    TWSTA_bit
0x0056       [0]    TWEA_bit
0x0056       [0]    TWINT_bit
0x0056       [0]    TWEN_bit
0x0056       [0]    TWWC_bit
0x0056       [0]    TWSTO_bit
0x0057       [1]    SPMCR
0x0057       [1]    SPMCSR
0x0057       [0]    PGWRT_bit
0x0057       [0]    RWWSRE_bit
0x0057       [0]    BLBSET_bit
0x0057       [0]    RWWSB_bit
0x0057       [0]    SPMEN_bit
0x0057       [0]    PGERS_bit
0x0057       [0]    SPMIE_bit
0x0058       [0]    TOV0_bit
0x0058       [1]    TIFR
0x0058       [0]    OCF0_bit
0x0058       [0]    OCF1B_bit
0x0058       [0]    TOV1_bit
0x0058       [0]    ICF1_bit
0x0058       [0]    OCF1A_bit
0x0058       [0]    OCF2_bit
0x0058       [0]    TOV2_bit
0x0059       [0]    OCIE1B_bit
0x0059       [0]    OCIE1A_bit
0x0059       [0]    TICIE1_bit
0x0059       [0]    TOIE1_bit
0x0059       [0]    OCIE0_bit
0x0059       [0]    TOIE0_bit
0x0059       [1]    TIMSK
0x0059       [0]    OCIE2_bit
0x0059       [0]    TOIE2_bit
0x005A       [0]    INTF0_bit
0x005A       [0]    INTF1_bit
0x005A       [0]    INTF2_bit
0x005A       [1]    GIFR
0x005B       [0]    INT0_bit
0x005B       [0]    IVCE_bit
0x005B       [1]    GICR
0x005B       [0]    INT2_bit
0x005B       [0]    IVSEL_bit
0x005B       [0]    INT1_bit
0x005C       [0]    OCR0_3_bit
0x005C       [0]    OCR0_4_bit
0x005C       [0]    OCR0_5_bit
0x005C       [0]    OCR0_2_bit
0x005C       [1]    OCR0
0x005C       [0]    OCR0_0_bit
0x005C       [0]    OCR0_1_bit
0x005C       [0]    OCR0_6_bit
0x005C       [0]    OCR0_7_bit
0x005D       [0]    SP4_bit
0x005D       [0]    SP7_bit
0x005D       [0]    SP6_bit
0x005D       [0]    SP5_bit
0x005D       [0]    SP0_bit
0x005D       [1]    SPL
0x005D       [0]    SP1_bit
0x005D       [0]    SP2_bit
0x005D       [0]    SP3_bit
0x005E       [1]    SPH
0x005E       [0]    SP11_bit
0x005E       [0]    SP8_bit
0x005E       [0]    SP10_bit
0x005E       [0]    SP9_bit
0x005F       [0]    SREG_Z_bit
0x005F       [0]    SREG_N_bit
0x005F       [1]    SREG
0x005F       [0]    SREG_C_bit
0x005F       [0]    SREG_V_bit
0x005F       [0]    SREG_T_bit
0x005F       [0]    SREG_I_bit
0x005F       [0]    SREG_S_bit
0x005F       [0]    SREG_H_bit
0x0060       [5]    ?lstr1_USB_UART
0x0065       [1]    _uart_rd
0x0066       [0]    __Lib_Lcd_cmd_status
0x0067       [2]    _ch
0x0069       [2]    _UART_Rdy_Ptr
0x006B       [2]    _UART_Tx_Idle_Ptr
0x006D       [2]    _UART_Wr_Ptr
0x006F       [2]    _UART_Rd_Ptr
//** Constants locations ** 
//ADDRESS    SIZE    CONSTANT
//----------------------------------------------
0x0520       [5]    ?ICS?lstr1_USB_UART
